2019-10-15 16:25:30,802  INFO [main] LogReport:21 - IE browser opens
2019-10-15 16:25:32,280  INFO [main] LogReport:21 - Application is open
2019-10-15 16:25:51,232  INFO [main] LogReport:21 - Games validated
2019-10-15 16:26:12,749  INFO [main] LogReport:21 - product unavailability message verified
2019-10-15 16:26:29,459 DEBUG [main] cache:45 - Couldn't find template in cache for "Extent.ftl"("en_US", UTF-8, parsed); will try to load it.
2019-10-15 16:26:29,461 DEBUG [main] cache:45 - TemplateLoader.findTemplateSource("Extent_en_US.ftl"): Not found
2019-10-15 16:26:29,463 DEBUG [main] cache:45 - TemplateLoader.findTemplateSource("Extent_en.ftl"): Not found
2019-10-15 16:26:29,465 DEBUG [main] cache:45 - TemplateLoader.findTemplateSource("Extent.ftl"): Found
2019-10-15 16:26:29,465 DEBUG [main] cache:45 - Loading template for "Extent.ftl"("en_US", UTF-8, parsed) from "jar:file:/C:/Users/David.Easterraj/.m2/repository/com/relevantcodes/extentreports/2.41.2/extentreports-2.41.2.jar!/com/relevantcodes/extentreports/view/Extent.ftl"
2019-10-15 16:28:17,826  INFO [main] LogReport:21 - IE browser opens
2019-10-15 16:28:19,417  INFO [main] LogReport:21 - Application is open
2019-10-15 16:28:38,434  INFO [main] LogReport:21 - Games validated
2019-10-15 16:28:59,882  INFO [main] LogReport:21 - product unavailability message verified
2019-10-15 16:29:42,156 DEBUG [main] cache:45 - Couldn't find template in cache for "Extent.ftl"("en_US", UTF-8, parsed); will try to load it.
2019-10-15 16:29:42,157 DEBUG [main] cache:45 - TemplateLoader.findTemplateSource("Extent_en_US.ftl"): Not found
2019-10-15 16:29:42,159 DEBUG [main] cache:45 - TemplateLoader.findTemplateSource("Extent_en.ftl"): Not found
2019-10-15 16:29:42,161 DEBUG [main] cache:45 - TemplateLoader.findTemplateSource("Extent.ftl"): Found
2019-10-15 16:29:42,161 DEBUG [main] cache:45 - Loading template for "Extent.ftl"("en_US", UTF-8, parsed) from "jar:file:/C:/Users/David.Easterraj/.m2/repository/com/relevantcodes/extentreports/2.41.2/extentreports-2.41.2.jar!/com/relevantcodes/extentreports/view/Extent.ftl"
2019-10-15 16:32:54,104  INFO [main] LogReport:21 - IE browser opens
2019-10-15 16:32:55,321  INFO [main] LogReport:21 - Application is open
2019-10-15 16:33:14,163  INFO [main] LogReport:21 - Games validated
2019-10-15 16:34:04,365 DEBUG [main] cache:45 - Couldn't find template in cache for "Extent.ftl"("en_US", UTF-8, parsed); will try to load it.
2019-10-15 16:34:04,367 DEBUG [main] cache:45 - TemplateLoader.findTemplateSource("Extent_en_US.ftl"): Not found
2019-10-15 16:34:04,369 DEBUG [main] cache:45 - TemplateLoader.findTemplateSource("Extent_en.ftl"): Not found
2019-10-15 16:34:04,370 DEBUG [main] cache:45 - TemplateLoader.findTemplateSource("Extent.ftl"): Found
2019-10-15 16:34:04,371 DEBUG [main] cache:45 - Loading template for "Extent.ftl"("en_US", UTF-8, parsed) from "jar:file:/C:/Users/David.Easterraj/.m2/repository/com/relevantcodes/extentreports/2.41.2/extentreports-2.41.2.jar!/com/relevantcodes/extentreports/view/Extent.ftl"
2019-10-15 16:36:48,832  INFO [main] LogReport:21 - IE browser opens
2019-10-15 16:36:50,078  INFO [main] LogReport:21 - Application is open
2019-10-15 16:37:09,298  INFO [main] LogReport:21 - Games validated
2019-10-15 16:37:31,852  INFO [main] LogReport:21 - product unavailability message verified
2019-10-15 16:38:26,704  INFO [main] LogReport:21 - Star ratings are in  ascending order
2019-10-15 16:38:26,704  INFO [main] LogReport:21 - Star ratings are in  ascending order
2019-10-15 16:38:26,704  INFO [main] LogReport:21 - Star ratings are in  ascending order
2019-10-15 16:38:35,988  INFO [main] LogReport:21 - Star ratings are in  descending order
2019-10-15 16:38:35,988  INFO [main] LogReport:21 - Star ratings are in  descending order
2019-10-15 16:38:35,988  INFO [main] LogReport:21 - Star ratings are in  descending order
2019-10-15 16:38:43,525  INFO [main] LogReport:21 - Arranged in Most Recent fist
2019-10-15 16:38:43,526  INFO [main] LogReport:21 - Arranged in Most Recent fist
2019-10-15 16:38:51,263  INFO [main] LogReport:21 - Arranged in oldest fist
2019-10-15 16:38:51,264  INFO [main] LogReport:21 - Arranged in oldest fist
2019-10-15 16:38:51,264  INFO [main] LogReport:21 - Arranged in oldest fist
2019-10-15 16:38:51,292 DEBUG [main] cache:45 - Couldn't find template in cache for "Extent.ftl"("en_US", UTF-8, parsed); will try to load it.
2019-10-15 16:38:51,294 DEBUG [main] cache:45 - TemplateLoader.findTemplateSource("Extent_en_US.ftl"): Not found
2019-10-15 16:38:51,296 DEBUG [main] cache:45 - TemplateLoader.findTemplateSource("Extent_en.ftl"): Not found
2019-10-15 16:38:51,297 DEBUG [main] cache:45 - TemplateLoader.findTemplateSource("Extent.ftl"): Found
2019-10-15 16:38:51,297 DEBUG [main] cache:45 - Loading template for "Extent.ftl"("en_US", UTF-8, parsed) from "jar:file:/C:/Users/David.Easterraj/.m2/repository/com/relevantcodes/extentreports/2.41.2/extentreports-2.41.2.jar!/com/relevantcodes/extentreports/view/Extent.ftl"
2019-10-15 16:39:53,777  INFO [main] LogReport:21 - IE browser opens
2019-10-15 16:39:55,410  INFO [main] LogReport:21 - Application is open
2019-10-15 16:40:14,011  INFO [main] LogReport:21 - Games validated
2019-10-15 16:40:35,560  INFO [main] LogReport:21 - product unavailability message verified
2019-10-15 16:41:32,922  INFO [main] LogReport:21 - Star ratings are in  ascending order
2019-10-15 16:41:32,923  INFO [main] LogReport:21 - Star ratings are in  ascending order
2019-10-15 16:41:42,079  INFO [main] LogReport:21 - Star ratings are in  descending order
2019-10-15 16:41:42,079  INFO [main] LogReport:21 - Star ratings are in  descending order
2019-10-15 16:41:49,489  INFO [main] LogReport:21 - Arranged in Most Recent fist
2019-10-15 16:41:49,767 DEBUG [main] cache:45 - Couldn't find template in cache for "Extent.ftl"("en_US", UTF-8, parsed); will try to load it.
2019-10-15 16:41:49,769 DEBUG [main] cache:45 - TemplateLoader.findTemplateSource("Extent_en_US.ftl"): Not found
2019-10-15 16:41:49,771 DEBUG [main] cache:45 - TemplateLoader.findTemplateSource("Extent_en.ftl"): Not found
2019-10-15 16:41:49,772 DEBUG [main] cache:45 - TemplateLoader.findTemplateSource("Extent.ftl"): Found
2019-10-15 16:41:49,772 DEBUG [main] cache:45 - Loading template for "Extent.ftl"("en_US", UTF-8, parsed) from "jar:file:/C:/Users/David.Easterraj/.m2/repository/com/relevantcodes/extentreports/2.41.2/extentreports-2.41.2.jar!/com/relevantcodes/extentreports/view/Extent.ftl"
2019-10-15 16:43:37,376  INFO [main] LogReport:21 - IE browser opens
2019-10-15 16:43:38,878  INFO [main] LogReport:21 - Application is open
2019-10-15 16:43:58,248  INFO [main] LogReport:21 - Games validated
2019-10-15 16:44:19,845  INFO [main] LogReport:21 - product unavailability message verified
2019-10-15 16:44:58,320  INFO [main] LogReport:21 - Not in the specification page
2019-10-15 16:45:17,673  INFO [main] LogReport:21 - Star ratings are in  ascending order
2019-10-15 16:45:17,674  INFO [main] LogReport:21 - Star ratings are in  ascending order
2019-10-15 16:45:26,938  INFO [main] LogReport:21 - Star ratings are in  descending order
2019-10-15 16:45:26,938  INFO [main] LogReport:21 - Star ratings are in  descending order
2019-10-15 16:45:34,536  INFO [main] LogReport:21 - Arranged in Most Recent fist
2019-10-15 16:45:42,216  INFO [main] LogReport:21 - Arranged in oldest fist
2019-10-15 16:45:42,217  INFO [main] LogReport:21 - Arranged in oldest fist
2019-10-15 16:45:42,258 DEBUG [main] cache:45 - Couldn't find template in cache for "Extent.ftl"("en_US", UTF-8, parsed); will try to load it.
2019-10-15 16:45:42,261 DEBUG [main] cache:45 - TemplateLoader.findTemplateSource("Extent_en_US.ftl"): Not found
2019-10-15 16:45:42,264 DEBUG [main] cache:45 - TemplateLoader.findTemplateSource("Extent_en.ftl"): Not found
2019-10-15 16:45:42,266 DEBUG [main] cache:45 - TemplateLoader.findTemplateSource("Extent.ftl"): Found
2019-10-15 16:45:42,277 DEBUG [main] cache:45 - Loading template for "Extent.ftl"("en_US", UTF-8, parsed) from "jar:file:/C:/Users/David.Easterraj/.m2/repository/com/relevantcodes/extentreports/2.41.2/extentreports-2.41.2.jar!/com/relevantcodes/extentreports/view/Extent.ftl"
